2025-07-11 06:39:12 error: uncaughtException: EIO: i/o error, write
Error: EIO: i/o error, write
    at writeSync (node:fs:923:3)
    at SyncWriteStream._write (node:internal/fs/sync_write_stream:27:5)
    at writeOrBuffer (node:internal/streams/writable:572:12)
    at _write (node:internal/streams/writable:501:10)
    at Writable.write (node:internal/streams/writable:510:10)
    at console.value (node:internal/console/constructor:298:16)
    at console.error (node:internal/console/constructor:412:26)
    at writeOut (node:internal/process/warning:56:3)
    at process.onWarning (node:internal/process/warning:132:3)
    at process.emit (node:events:518:28)
2025-07-11 06:39:12 error: uncaughtException: EIO: i/o error, write
Error: EIO: i/o error, write
    at writeSync (node:fs:923:3)
    at SyncWriteStream._write (node:internal/fs/sync_write_stream:27:5)
    at writeOrBuffer (node:internal/streams/writable:572:12)
    at _write (node:internal/streams/writable:501:10)
    at Writable.write (node:internal/streams/writable:510:10)
    at Console.log (/home/leonardo/Projects/jibran/ngo_sementes/ngo-back/node_modules/winston/lib/winston/transports/console.js:87:23)
    at ExceptionStream._write (/home/leonardo/Projects/jibran/ngo_sementes/ngo-back/node_modules/winston/lib/winston/exception-stream.js:48:29)
    at doWrite (/home/leonardo/Projects/jibran/ngo_sementes/ngo-back/node_modules/readable-stream/lib/_stream_writable.js:390:139)
    at writeOrBuffer (/home/leonardo/Projects/jibran/ngo_sementes/ngo-back/node_modules/readable-stream/lib/_stream_writable.js:381:5)
    at Writable.write (/home/leonardo/Projects/jibran/ngo_sementes/ngo-back/node_modules/readable-stream/lib/_stream_writable.js:302:11)
2025-07-11 06:39:12 error: uncaughtException: EIO: i/o error, write
Error: EIO: i/o error, write
    at writeSync (node:fs:923:3)
    at SyncWriteStream._write (node:internal/fs/sync_write_stream:27:5)
    at writeOrBuffer (node:internal/streams/writable:572:12)
    at _write (node:internal/streams/writable:501:10)
    at Writable.write (node:internal/streams/writable:510:10)
    at Console.log (/home/leonardo/Projects/jibran/ngo_sementes/ngo-back/node_modules/winston/lib/winston/transports/console.js:87:23)
    at ExceptionStream._write (/home/leonardo/Projects/jibran/ngo_sementes/ngo-back/node_modules/winston/lib/winston/exception-stream.js:48:29)
    at doWrite (/home/leonardo/Projects/jibran/ngo_sementes/ngo-back/node_modules/readable-stream/lib/_stream_writable.js:390:139)
    at writeOrBuffer (/home/leonardo/Projects/jibran/ngo_sementes/ngo-back/node_modules/readable-stream/lib/_stream_writable.js:381:5)
    at Writable.write (/home/leonardo/Projects/jibran/ngo_sementes/ngo-back/node_modules/readable-stream/lib/_stream_writable.js:302:11)
2025-07-11 06:39:12 error: uncaughtException: EIO: i/o error, write
Error: EIO: i/o error, write
    at writeSync (node:fs:923:3)
    at SyncWriteStream._write (node:internal/fs/sync_write_stream:27:5)
    at writeOrBuffer (node:internal/streams/writable:572:12)
    at _write (node:internal/streams/writable:501:10)
    at Writable.write (node:internal/streams/writable:510:10)
    at Console.log (/home/leonardo/Projects/jibran/ngo_sementes/ngo-back/node_modules/winston/lib/winston/transports/console.js:87:23)
    at ExceptionStream._write (/home/leonardo/Projects/jibran/ngo_sementes/ngo-back/node_modules/winston/lib/winston/exception-stream.js:48:29)
    at doWrite (/home/leonardo/Projects/jibran/ngo_sementes/ngo-back/node_modules/readable-stream/lib/_stream_writable.js:390:139)
    at writeOrBuffer (/home/leonardo/Projects/jibran/ngo_sementes/ngo-back/node_modules/readable-stream/lib/_stream_writable.js:381:5)
    at Writable.write (/home/leonardo/Projects/jibran/ngo_sementes/ngo-back/node_modules/readable-stream/lib/_stream_writable.js:302:11)
2025-07-11 06:39:12 error: uncaughtException: EIO: i/o error, write
Error: EIO: i/o error, write
    at writeSync (node:fs:923:3)
    at SyncWriteStream._write (node:internal/fs/sync_write_stream:27:5)
    at writeOrBuffer (node:internal/streams/writable:572:12)
    at _write (node:internal/streams/writable:501:10)
    at Writable.write (node:internal/streams/writable:510:10)
    at Console.log (/home/leonardo/Projects/jibran/ngo_sementes/ngo-back/node_modules/winston/lib/winston/transports/console.js:87:23)
    at ExceptionStream._write (/home/leonardo/Projects/jibran/ngo_sementes/ngo-back/node_modules/winston/lib/winston/exception-stream.js:48:29)
    at doWrite (/home/leonardo/Projects/jibran/ngo_sementes/ngo-back/node_modules/readable-stream/lib/_stream_writable.js:390:139)
    at writeOrBuffer (/home/leonardo/Projects/jibran/ngo_sementes/ngo-back/node_modules/readable-stream/lib/_stream_writable.js:381:5)
    at Writable.write (/home/leonardo/Projects/jibran/ngo_sementes/ngo-back/node_modules/readable-stream/lib/_stream_writable.js:302:11)
2025-07-11 06:39:12 error: uncaughtException: EIO: i/o error, write
Error: EIO: i/o error, write
    at writeSync (node:fs:923:3)
    at SyncWriteStream._write (node:internal/fs/sync_write_stream:27:5)
    at writeOrBuffer (node:internal/streams/writable:572:12)
    at _write (node:internal/streams/writable:501:10)
    at Writable.write (node:internal/streams/writable:510:10)
    at Console.log (/home/leonardo/Projects/jibran/ngo_sementes/ngo-back/node_modules/winston/lib/winston/transports/console.js:87:23)
    at ExceptionStream._write (/home/leonardo/Projects/jibran/ngo_sementes/ngo-back/node_modules/winston/lib/winston/exception-stream.js:48:29)
    at doWrite (/home/leonardo/Projects/jibran/ngo_sementes/ngo-back/node_modules/readable-stream/lib/_stream_writable.js:390:139)
    at writeOrBuffer (/home/leonardo/Projects/jibran/ngo_sementes/ngo-back/node_modules/readable-stream/lib/_stream_writable.js:381:5)
    at Writable.write (/home/leonardo/Projects/jibran/ngo_sementes/ngo-back/node_modules/readable-stream/lib/_stream_writable.js:302:11)
2025-07-11 06:39:12 error: uncaughtException: EIO: i/o error, write
Error: EIO: i/o error, write
    at writeSync (node:fs:923:3)
    at SyncWriteStream._write (node:internal/fs/sync_write_stream:27:5)
    at writeOrBuffer (node:internal/streams/writable:572:12)
    at _write (node:internal/streams/writable:501:10)
    at Writable.write (node:internal/streams/writable:510:10)
    at Console.log (/home/leonardo/Projects/jibran/ngo_sementes/ngo-back/node_modules/winston/lib/winston/transports/console.js:87:23)
    at ExceptionStream._write (/home/leonardo/Projects/jibran/ngo_sementes/ngo-back/node_modules/winston/lib/winston/exception-stream.js:48:29)
    at doWrite (/home/leonardo/Projects/jibran/ngo_sementes/ngo-back/node_modules/readable-stream/lib/_stream_writable.js:390:139)
    at writeOrBuffer (/home/leonardo/Projects/jibran/ngo_sementes/ngo-back/node_modules/readable-stream/lib/_stream_writable.js:381:5)
    at Writable.write (/home/leonardo/Projects/jibran/ngo_sementes/ngo-back/node_modules/readable-stream/lib/_stream_writable.js:302:11)
2025-07-11 06:39:12 error: uncaughtException: EIO: i/o error, write
Error: EIO: i/o error, write
    at writeSync (node:fs:923:3)
    at SyncWriteStream._write (node:internal/fs/sync_write_stream:27:5)
    at writeOrBuffer (node:internal/streams/writable:572:12)
    at _write (node:internal/streams/writable:501:10)
    at Writable.write (node:internal/streams/writable:510:10)
    at Console.log (/home/leonardo/Projects/jibran/ngo_sementes/ngo-back/node_modules/winston/lib/winston/transports/console.js:87:23)
    at ExceptionStream._write (/home/leonardo/Projects/jibran/ngo_sementes/ngo-back/node_modules/winston/lib/winston/exception-stream.js:48:29)
    at doWrite (/home/leonardo/Projects/jibran/ngo_sementes/ngo-back/node_modules/readable-stream/lib/_stream_writable.js:390:139)
    at writeOrBuffer (/home/leonardo/Projects/jibran/ngo_sementes/ngo-back/node_modules/readable-stream/lib/_stream_writable.js:381:5)
    at Writable.write (/home/leonardo/Projects/jibran/ngo_sementes/ngo-back/node_modules/readable-stream/lib/_stream_writable.js:302:11)
2025-07-11 06:39:12 error: uncaughtException: EIO: i/o error, write
Error: EIO: i/o error, write
    at writeSync (node:fs:923:3)
    at SyncWriteStream._write (node:internal/fs/sync_write_stream:27:5)
    at writeOrBuffer (node:internal/streams/writable:572:12)
    at _write (node:internal/streams/writable:501:10)
    at Writable.write (node:internal/streams/writable:510:10)
    at Console.log (/home/leonardo/Projects/jibran/ngo_sementes/ngo-back/node_modules/winston/lib/winston/transports/console.js:87:23)
    at ExceptionStream._write (/home/leonardo/Projects/jibran/ngo_sementes/ngo-back/node_modules/winston/lib/winston/exception-stream.js:48:29)
    at doWrite (/home/leonardo/Projects/jibran/ngo_sementes/ngo-back/node_modules/readable-stream/lib/_stream_writable.js:390:139)
    at writeOrBuffer (/home/leonardo/Projects/jibran/ngo_sementes/ngo-back/node_modules/readable-stream/lib/_stream_writable.js:381:5)
    at Writable.write (/home/leonardo/Projects/jibran/ngo_sementes/ngo-back/node_modules/readable-stream/lib/_stream_writable.js:302:11)
2025-07-11 06:39:12 error: uncaughtException: EIO: i/o error, write
Error: EIO: i/o error, write
    at writeSync (node:fs:923:3)
    at SyncWriteStream._write (node:internal/fs/sync_write_stream:27:5)
    at writeOrBuffer (node:internal/streams/writable:572:12)
    at _write (node:internal/streams/writable:501:10)
    at Writable.write (node:internal/streams/writable:510:10)
    at Console.log (/home/leonardo/Projects/jibran/ngo_sementes/ngo-back/node_modules/winston/lib/winston/transports/console.js:87:23)
    at ExceptionStream._write (/home/leonardo/Projects/jibran/ngo_sementes/ngo-back/node_modules/winston/lib/winston/exception-stream.js:48:29)
    at doWrite (/home/leonardo/Projects/jibran/ngo_sementes/ngo-back/node_modules/readable-stream/lib/_stream_writable.js:390:139)
    at writeOrBuffer (/home/leonardo/Projects/jibran/ngo_sementes/ngo-back/node_modules/readable-stream/lib/_stream_writable.js:381:5)
    at Writable.write (/home/leonardo/Projects/jibran/ngo_sementes/ngo-back/node_modules/readable-stream/lib/_stream_writable.js:302:11)
2025-07-11 06:39:12 error: uncaughtException: EIO: i/o error, write
Error: EIO: i/o error, write
    at writeSync (node:fs:923:3)
    at SyncWriteStream._write (node:internal/fs/sync_write_stream:27:5)
    at writeOrBuffer (node:internal/streams/writable:572:12)
    at _write (node:internal/streams/writable:501:10)
    at Writable.write (node:internal/streams/writable:510:10)
    at Console.log (/home/leonardo/Projects/jibran/ngo_sementes/ngo-back/node_modules/winston/lib/winston/transports/console.js:87:23)
    at ExceptionStream._write (/home/leonardo/Projects/jibran/ngo_sementes/ngo-back/node_modules/winston/lib/winston/exception-stream.js:48:29)
    at doWrite (/home/leonardo/Projects/jibran/ngo_sementes/ngo-back/node_modules/readable-stream/lib/_stream_writable.js:390:139)
    at writeOrBuffer (/home/leonardo/Projects/jibran/ngo_sementes/ngo-back/node_modules/readable-stream/lib/_stream_writable.js:381:5)
    at Writable.write (/home/leonardo/Projects/jibran/ngo_sementes/ngo-back/node_modules/readable-stream/lib/_stream_writable.js:302:11)
2025-07-11 06:39:12 error: uncaughtException: EIO: i/o error, write
Error: EIO: i/o error, write
    at writeSync (node:fs:923:3)
    at SyncWriteStream._write (node:internal/fs/sync_write_stream:27:5)
    at writeOrBuffer (node:internal/streams/writable:572:12)
    at _write (node:internal/streams/writable:501:10)
    at Writable.write (node:internal/streams/writable:510:10)
    at Console.log (/home/leonardo/Projects/jibran/ngo_sementes/ngo-back/node_modules/winston/lib/winston/transports/console.js:87:23)
    at ExceptionStream._write (/home/leonardo/Projects/jibran/ngo_sementes/ngo-back/node_modules/winston/lib/winston/exception-stream.js:48:29)
    at doWrite (/home/leonardo/Projects/jibran/ngo_sementes/ngo-back/node_modules/readable-stream/lib/_stream_writable.js:390:139)
    at writeOrBuffer (/home/leonardo/Projects/jibran/ngo_sementes/ngo-back/node_modules/readable-stream/lib/_stream_writable.js:381:5)
    at Writable.write (/home/leonardo/Projects/jibran/ngo_sementes/ngo-back/node_modules/readable-stream/lib/_stream_writable.js:302:11)
2025-07-11 06:39:12 error: uncaughtException: EIO: i/o error, write
Error: EIO: i/o error, write
    at writeSync (node:fs:923:3)
    at SyncWriteStream._write (node:internal/fs/sync_write_stream:27:5)
    at writeOrBuffer (node:internal/streams/writable:572:12)
    at _write (node:internal/streams/writable:501:10)
    at Writable.write (node:internal/streams/writable:510:10)
    at console.value (node:internal/console/constructor:298:16)
    at console.error (node:internal/console/constructor:412:26)
    at writeOut (node:internal/process/warning:56:3)
    at process.onWarning (node:internal/process/warning:132:3)
    at process.emit (node:events:518:28)
2025-07-11 06:39:12 error: uncaughtException: EIO: i/o error, write
Error: EIO: i/o error, write
    at writeSync (node:fs:923:3)
    at SyncWriteStream._write (node:internal/fs/sync_write_stream:27:5)
    at writeOrBuffer (node:internal/streams/writable:572:12)
    at _write (node:internal/streams/writable:501:10)
    at Writable.write (node:internal/streams/writable:510:10)
    at Console.log (/home/leonardo/Projects/jibran/ngo_sementes/ngo-back/node_modules/winston/lib/winston/transports/console.js:87:23)
    at ExceptionStream._write (/home/leonardo/Projects/jibran/ngo_sementes/ngo-back/node_modules/winston/lib/winston/exception-stream.js:48:29)
    at doWrite (/home/leonardo/Projects/jibran/ngo_sementes/ngo-back/node_modules/readable-stream/lib/_stream_writable.js:390:139)
    at writeOrBuffer (/home/leonardo/Projects/jibran/ngo_sementes/ngo-back/node_modules/readable-stream/lib/_stream_writable.js:381:5)
    at Writable.write (/home/leonardo/Projects/jibran/ngo_sementes/ngo-back/node_modules/readable-stream/lib/_stream_writable.js:302:11)
2025-07-11 06:39:12 error: uncaughtException: EIO: i/o error, write
Error: EIO: i/o error, write
    at writeSync (node:fs:923:3)
    at SyncWriteStream._write (node:internal/fs/sync_write_stream:27:5)
    at writeOrBuffer (node:internal/streams/writable:572:12)
    at _write (node:internal/streams/writable:501:10)
    at Writable.write (node:internal/streams/writable:510:10)
    at Console.log (/home/leonardo/Projects/jibran/ngo_sementes/ngo-back/node_modules/winston/lib/winston/transports/console.js:87:23)
    at ExceptionStream._write (/home/leonardo/Projects/jibran/ngo_sementes/ngo-back/node_modules/winston/lib/winston/exception-stream.js:48:29)
    at doWrite (/home/leonardo/Projects/jibran/ngo_sementes/ngo-back/node_modules/readable-stream/lib/_stream_writable.js:390:139)
    at writeOrBuffer (/home/leonardo/Projects/jibran/ngo_sementes/ngo-back/node_modules/readable-stream/lib/_stream_writable.js:381:5)
    at Writable.write (/home/leonardo/Projects/jibran/ngo_sementes/ngo-back/node_modules/readable-stream/lib/_stream_writable.js:302:11)
2025-07-11 06:39:12 error: uncaughtException: EIO: i/o error, write
Error: EIO: i/o error, write
    at writeSync (node:fs:923:3)
    at SyncWriteStream._write (node:internal/fs/sync_write_stream:27:5)
    at writeOrBuffer (node:internal/streams/writable:572:12)
    at _write (node:internal/streams/writable:501:10)
    at Writable.write (node:internal/streams/writable:510:10)
    at Console.log (/home/leonardo/Projects/jibran/ngo_sementes/ngo-back/node_modules/winston/lib/winston/transports/console.js:87:23)
    at ExceptionStream._write (/home/leonardo/Projects/jibran/ngo_sementes/ngo-back/node_modules/winston/lib/winston/exception-stream.js:48:29)
    at doWrite (/home/leonardo/Projects/jibran/ngo_sementes/ngo-back/node_modules/readable-stream/lib/_stream_writable.js:390:139)
    at writeOrBuffer (/home/leonardo/Projects/jibran/ngo_sementes/ngo-back/node_modules/readable-stream/lib/_stream_writable.js:381:5)
    at Writable.write (/home/leonardo/Projects/jibran/ngo_sementes/ngo-back/node_modules/readable-stream/lib/_stream_writable.js:302:11)
2025-07-11 06:39:12 error: uncaughtException: EIO: i/o error, write
Error: EIO: i/o error, write
    at writeSync (node:fs:923:3)
    at SyncWriteStream._write (node:internal/fs/sync_write_stream:27:5)
    at writeOrBuffer (node:internal/streams/writable:572:12)
    at _write (node:internal/streams/writable:501:10)
    at Writable.write (node:internal/streams/writable:510:10)
    at Console.log (/home/leonardo/Projects/jibran/ngo_sementes/ngo-back/node_modules/winston/lib/winston/transports/console.js:87:23)
    at ExceptionStream._write (/home/leonardo/Projects/jibran/ngo_sementes/ngo-back/node_modules/winston/lib/winston/exception-stream.js:48:29)
    at doWrite (/home/leonardo/Projects/jibran/ngo_sementes/ngo-back/node_modules/readable-stream/lib/_stream_writable.js:390:139)
    at writeOrBuffer (/home/leonardo/Projects/jibran/ngo_sementes/ngo-back/node_modules/readable-stream/lib/_stream_writable.js:381:5)
    at Writable.write (/home/leonardo/Projects/jibran/ngo_sementes/ngo-back/node_modules/readable-stream/lib/_stream_writable.js:302:11)
2025-07-11 06:39:12 error: uncaughtException: EIO: i/o error, write
Error: EIO: i/o error, write
    at writeSync (node:fs:923:3)
    at SyncWriteStream._write (node:internal/fs/sync_write_stream:27:5)
    at writeOrBuffer (node:internal/streams/writable:572:12)
    at _write (node:internal/streams/writable:501:10)
    at Writable.write (node:internal/streams/writable:510:10)
    at Console.log (/home/leonardo/Projects/jibran/ngo_sementes/ngo-back/node_modules/winston/lib/winston/transports/console.js:87:23)
    at ExceptionStream._write (/home/leonardo/Projects/jibran/ngo_sementes/ngo-back/node_modules/winston/lib/winston/exception-stream.js:48:29)
    at doWrite (/home/leonardo/Projects/jibran/ngo_sementes/ngo-back/node_modules/readable-stream/lib/_stream_writable.js:390:139)
    at writeOrBuffer (/home/leonardo/Projects/jibran/ngo_sementes/ngo-back/node_modules/readable-stream/lib/_stream_writable.js:381:5)
    at Writable.write (/home/leonardo/Projects/jibran/ngo_sementes/ngo-back/node_modules/readable-stream/lib/_stream_writable.js:302:11)
2025-07-11 06:39:12 error: uncaughtException: EIO: i/o error, write
Error: EIO: i/o error, write
    at writeSync (node:fs:923:3)
    at SyncWriteStream._write (node:internal/fs/sync_write_stream:27:5)
    at writeOrBuffer (node:internal/streams/writable:572:12)
    at _write (node:internal/streams/writable:501:10)
    at Writable.write (node:internal/streams/writable:510:10)
    at Console.log (/home/leonardo/Projects/jibran/ngo_sementes/ngo-back/node_modules/winston/lib/winston/transports/console.js:87:23)
    at ExceptionStream._write (/home/leonardo/Projects/jibran/ngo_sementes/ngo-back/node_modules/winston/lib/winston/exception-stream.js:48:29)
    at doWrite (/home/leonardo/Projects/jibran/ngo_sementes/ngo-back/node_modules/readable-stream/lib/_stream_writable.js:390:139)
    at writeOrBuffer (/home/leonardo/Projects/jibran/ngo_sementes/ngo-back/node_modules/readable-stream/lib/_stream_writable.js:381:5)
    at Writable.write (/home/leonardo/Projects/jibran/ngo_sementes/ngo-back/node_modules/readable-stream/lib/_stream_writable.js:302:11)
2025-07-11 06:39:12 error: uncaughtException: EIO: i/o error, write
Error: EIO: i/o error, write
    at writeSync (node:fs:923:3)
    at SyncWriteStream._write (node:internal/fs/sync_write_stream:27:5)
    at writeOrBuffer (node:internal/streams/writable:572:12)
    at _write (node:internal/streams/writable:501:10)
    at Writable.write (node:internal/streams/writable:510:10)
    at Console.log (/home/leonardo/Projects/jibran/ngo_sementes/ngo-back/node_modules/winston/lib/winston/transports/console.js:87:23)
    at ExceptionStream._write (/home/leonardo/Projects/jibran/ngo_sementes/ngo-back/node_modules/winston/lib/winston/exception-stream.js:48:29)
    at doWrite (/home/leonardo/Projects/jibran/ngo_sementes/ngo-back/node_modules/readable-stream/lib/_stream_writable.js:390:139)
    at writeOrBuffer (/home/leonardo/Projects/jibran/ngo_sementes/ngo-back/node_modules/readable-stream/lib/_stream_writable.js:381:5)
    at Writable.write (/home/leonardo/Projects/jibran/ngo_sementes/ngo-back/node_modules/readable-stream/lib/_stream_writable.js:302:11)
2025-07-11 06:39:12 error: uncaughtException: EIO: i/o error, write
Error: EIO: i/o error, write
    at writeSync (node:fs:923:3)
    at SyncWriteStream._write (node:internal/fs/sync_write_stream:27:5)
    at writeOrBuffer (node:internal/streams/writable:572:12)
    at _write (node:internal/streams/writable:501:10)
    at Writable.write (node:internal/streams/writable:510:10)
    at Console.log (/home/leonardo/Projects/jibran/ngo_sementes/ngo-back/node_modules/winston/lib/winston/transports/console.js:87:23)
    at ExceptionStream._write (/home/leonardo/Projects/jibran/ngo_sementes/ngo-back/node_modules/winston/lib/winston/exception-stream.js:48:29)
    at doWrite (/home/leonardo/Projects/jibran/ngo_sementes/ngo-back/node_modules/readable-stream/lib/_stream_writable.js:390:139)
    at writeOrBuffer (/home/leonardo/Projects/jibran/ngo_sementes/ngo-back/node_modules/readable-stream/lib/_stream_writable.js:381:5)
    at Writable.write (/home/leonardo/Projects/jibran/ngo_sementes/ngo-back/node_modules/readable-stream/lib/_stream_writable.js:302:11)
2025-07-11 06:39:12 error: uncaughtException: EIO: i/o error, write
Error: EIO: i/o error, write
    at writeSync (node:fs:923:3)
    at SyncWriteStream._write (node:internal/fs/sync_write_stream:27:5)
    at writeOrBuffer (node:internal/streams/writable:572:12)
    at _write (node:internal/streams/writable:501:10)
    at Writable.write (node:internal/streams/writable:510:10)
    at Console.log (/home/leonardo/Projects/jibran/ngo_sementes/ngo-back/node_modules/winston/lib/winston/transports/console.js:87:23)
    at ExceptionStream._write (/home/leonardo/Projects/jibran/ngo_sementes/ngo-back/node_modules/winston/lib/winston/exception-stream.js:48:29)
    at doWrite (/home/leonardo/Projects/jibran/ngo_sementes/ngo-back/node_modules/readable-stream/lib/_stream_writable.js:390:139)
    at writeOrBuffer (/home/leonardo/Projects/jibran/ngo_sementes/ngo-back/node_modules/readable-stream/lib/_stream_writable.js:381:5)
    at Writable.write (/home/leonardo/Projects/jibran/ngo_sementes/ngo-back/node_modules/readable-stream/lib/_stream_writable.js:302:11)
2025-07-11 06:39:12 error: uncaughtException: EIO: i/o error, write
Error: EIO: i/o error, write
    at writeSync (node:fs:923:3)
    at SyncWriteStream._write (node:internal/fs/sync_write_stream:27:5)
    at writeOrBuffer (node:internal/streams/writable:572:12)
    at _write (node:internal/streams/writable:501:10)
    at Writable.write (node:internal/streams/writable:510:10)
    at Console.log (/home/leonardo/Projects/jibran/ngo_sementes/ngo-back/node_modules/winston/lib/winston/transports/console.js:87:23)
    at ExceptionStream._write (/home/leonardo/Projects/jibran/ngo_sementes/ngo-back/node_modules/winston/lib/winston/exception-stream.js:48:29)
    at doWrite (/home/leonardo/Projects/jibran/ngo_sementes/ngo-back/node_modules/readable-stream/lib/_stream_writable.js:390:139)
    at writeOrBuffer (/home/leonardo/Projects/jibran/ngo_sementes/ngo-back/node_modules/readable-stream/lib/_stream_writable.js:381:5)
    at Writable.write (/home/leonardo/Projects/jibran/ngo_sementes/ngo-back/node_modules/readable-stream/lib/_stream_writable.js:302:11)
2025-07-11 06:39:12 error: uncaughtException: EIO: i/o error, write
Error: EIO: i/o error, write
    at writeSync (node:fs:923:3)
    at SyncWriteStream._write (node:internal/fs/sync_write_stream:27:5)
    at writeOrBuffer (node:internal/streams/writable:572:12)
    at _write (node:internal/streams/writable:501:10)
    at Writable.write (node:internal/streams/writable:510:10)
    at Console.log (/home/leonardo/Projects/jibran/ngo_sementes/ngo-back/node_modules/winston/lib/winston/transports/console.js:87:23)
    at ExceptionStream._write (/home/leonardo/Projects/jibran/ngo_sementes/ngo-back/node_modules/winston/lib/winston/exception-stream.js:48:29)
    at doWrite (/home/leonardo/Projects/jibran/ngo_sementes/ngo-back/node_modules/readable-stream/lib/_stream_writable.js:390:139)
    at writeOrBuffer (/home/leonardo/Projects/jibran/ngo_sementes/ngo-back/node_modules/readable-stream/lib/_stream_writable.js:381:5)
    at Writable.write (/home/leonardo/Projects/jibran/ngo_sementes/ngo-back/node_modules/readable-stream/lib/_stream_writable.js:302:11)
2025-07-11 06:39:12 error: uncaughtException: EIO: i/o error, write
Error: EIO: i/o error, write
    at writeSync (node:fs:923:3)
    at SyncWriteStream._write (node:internal/fs/sync_write_stream:27:5)
    at writeOrBuffer (node:internal/streams/writable:572:12)
    at _write (node:internal/streams/writable:501:10)
    at Writable.write (node:internal/streams/writable:510:10)
    at Console.log (/home/leonardo/Projects/jibran/ngo_sementes/ngo-back/node_modules/winston/lib/winston/transports/console.js:87:23)
    at ExceptionStream._write (/home/leonardo/Projects/jibran/ngo_sementes/ngo-back/node_modules/winston/lib/winston/exception-stream.js:48:29)
    at doWrite (/home/leonardo/Projects/jibran/ngo_sementes/ngo-back/node_modules/readable-stream/lib/_stream_writable.js:390:139)
    at writeOrBuffer (/home/leonardo/Projects/jibran/ngo_sementes/ngo-back/node_modules/readable-stream/lib/_stream_writable.js:381:5)
    at Writable.write (/home/leonardo/Projects/jibran/ngo_sementes/ngo-back/node_modules/readable-stream/lib/_stream_writable.js:302:11)
2025-07-11 06:39:12 error: uncaughtException: EIO: i/o error, write
Error: EIO: i/o error, write
    at writeSync (node:fs:923:3)
    at SyncWriteStream._write (node:internal/fs/sync_write_stream:27:5)
    at writeOrBuffer (node:internal/streams/writable:572:12)
    at _write (node:internal/streams/writable:501:10)
    at Writable.write (node:internal/streams/writable:510:10)
    at Console.log (/home/leonardo/Projects/jibran/ngo_sementes/ngo-back/node_modules/winston/lib/winston/transports/console.js:87:23)
    at ExceptionStream._write (/home/leonardo/Projects/jibran/ngo_sementes/ngo-back/node_modules/winston/lib/winston/exception-stream.js:48:29)
    at doWrite (/home/leonardo/Projects/jibran/ngo_sementes/ngo-back/node_modules/readable-stream/lib/_stream_writable.js:390:139)
    at writeOrBuffer (/home/leonardo/Projects/jibran/ngo_sementes/ngo-back/node_modules/readable-stream/lib/_stream_writable.js:381:5)
    at Writable.write (/home/leonardo/Projects/jibran/ngo_sementes/ngo-back/node_modules/readable-stream/lib/_stream_writable.js:302:11)
2025-07-11 06:39:12 error: uncaughtException: EIO: i/o error, write
Error: EIO: i/o error, write
    at writeSync (node:fs:923:3)
    at SyncWriteStream._write (node:internal/fs/sync_write_stream:27:5)
    at writeOrBuffer (node:internal/streams/writable:572:12)
    at _write (node:internal/streams/writable:501:10)
    at Writable.write (node:internal/streams/writable:510:10)
    at Console.log (/home/leonardo/Projects/jibran/ngo_sementes/ngo-back/node_modules/winston/lib/winston/transports/console.js:87:23)
    at ExceptionStream._write (/home/leonardo/Projects/jibran/ngo_sementes/ngo-back/node_modules/winston/lib/winston/exception-stream.js:48:29)
    at doWrite (/home/leonardo/Projects/jibran/ngo_sementes/ngo-back/node_modules/readable-stream/lib/_stream_writable.js:390:139)
    at writeOrBuffer (/home/leonardo/Projects/jibran/ngo_sementes/ngo-back/node_modules/readable-stream/lib/_stream_writable.js:381:5)
    at Writable.write (/home/leonardo/Projects/jibran/ngo_sementes/ngo-back/node_modules/readable-stream/lib/_stream_writable.js:302:11)
2025-07-11 06:39:12 error: uncaughtException: EIO: i/o error, write
Error: EIO: i/o error, write
    at writeSync (node:fs:923:3)
    at SyncWriteStream._write (node:internal/fs/sync_write_stream:27:5)
    at writeOrBuffer (node:internal/streams/writable:572:12)
    at _write (node:internal/streams/writable:501:10)
    at Writable.write (node:internal/streams/writable:510:10)
    at Console.log (/home/leonardo/Projects/jibran/ngo_sementes/ngo-back/node_modules/winston/lib/winston/transports/console.js:87:23)
    at ExceptionStream._write (/home/leonardo/Projects/jibran/ngo_sementes/ngo-back/node_modules/winston/lib/winston/exception-stream.js:48:29)
    at doWrite (/home/leonardo/Projects/jibran/ngo_sementes/ngo-back/node_modules/readable-stream/lib/_stream_writable.js:390:139)
    at writeOrBuffer (/home/leonardo/Projects/jibran/ngo_sementes/ngo-back/node_modules/readable-stream/lib/_stream_writable.js:381:5)
    at Writable.write (/home/leonardo/Projects/jibran/ngo_sementes/ngo-back/node_modules/readable-stream/lib/_stream_writable.js:302:11)
2025-07-11 06:39:12 error: uncaughtException: EIO: i/o error, write
Error: EIO: i/o error, write
    at writeSync (node:fs:923:3)
    at SyncWriteStream._write (node:internal/fs/sync_write_stream:27:5)
    at writeOrBuffer (node:internal/streams/writable:572:12)
    at _write (node:internal/streams/writable:501:10)
    at Writable.write (node:internal/streams/writable:510:10)
    at Console.log (/home/leonardo/Projects/jibran/ngo_sementes/ngo-back/node_modules/winston/lib/winston/transports/console.js:87:23)
    at ExceptionStream._write (/home/leonardo/Projects/jibran/ngo_sementes/ngo-back/node_modules/winston/lib/winston/exception-stream.js:48:29)
    at doWrite (/home/leonardo/Projects/jibran/ngo_sementes/ngo-back/node_modules/readable-stream/lib/_stream_writable.js:390:139)
    at writeOrBuffer (/home/leonardo/Projects/jibran/ngo_sementes/ngo-back/node_modules/readable-stream/lib/_stream_writable.js:381:5)
    at Writable.write (/home/leonardo/Projects/jibran/ngo_sementes/ngo-back/node_modules/readable-stream/lib/_stream_writable.js:302:11)
2025-07-11 06:39:12 error: uncaughtException: EIO: i/o error, write
Error: EIO: i/o error, write
    at writeSync (node:fs:923:3)
    at SyncWriteStream._write (node:internal/fs/sync_write_stream:27:5)
    at writeOrBuffer (node:internal/streams/writable:572:12)
    at _write (node:internal/streams/writable:501:10)
    at Writable.write (node:internal/streams/writable:510:10)
    at Console.log (/home/leonardo/Projects/jibran/ngo_sementes/ngo-back/node_modules/winston/lib/winston/transports/console.js:87:23)
    at ExceptionStream._write (/home/leonardo/Projects/jibran/ngo_sementes/ngo-back/node_modules/winston/lib/winston/exception-stream.js:48:29)
    at doWrite (/home/leonardo/Projects/jibran/ngo_sementes/ngo-back/node_modules/readable-stream/lib/_stream_writable.js:390:139)
    at writeOrBuffer (/home/leonardo/Projects/jibran/ngo_sementes/ngo-back/node_modules/readable-stream/lib/_stream_writable.js:381:5)
    at Writable.write (/home/leonardo/Projects/jibran/ngo_sementes/ngo-back/node_modules/readable-stream/lib/_stream_writable.js:302:11)
2025-07-11 06:39:12 error: uncaughtException: EIO: i/o error, write
Error: EIO: i/o error, write
    at writeSync (node:fs:923:3)
    at SyncWriteStream._write (node:internal/fs/sync_write_stream:27:5)
    at writeOrBuffer (node:internal/streams/writable:572:12)
    at _write (node:internal/streams/writable:501:10)
    at Writable.write (node:internal/streams/writable:510:10)
    at Console.log (/home/leonardo/Projects/jibran/ngo_sementes/ngo-back/node_modules/winston/lib/winston/transports/console.js:87:23)
    at ExceptionStream._write (/home/leonardo/Projects/jibran/ngo_sementes/ngo-back/node_modules/winston/lib/winston/exception-stream.js:48:29)
    at doWrite (/home/leonardo/Projects/jibran/ngo_sementes/ngo-back/node_modules/readable-stream/lib/_stream_writable.js:390:139)
    at writeOrBuffer (/home/leonardo/Projects/jibran/ngo_sementes/ngo-back/node_modules/readable-stream/lib/_stream_writable.js:381:5)
    at Writable.write (/home/leonardo/Projects/jibran/ngo_sementes/ngo-back/node_modules/readable-stream/lib/_stream_writable.js:302:11)
2025-07-11 06:39:12 error: uncaughtException: EIO: i/o error, write
Error: EIO: i/o error, write
    at writeSync (node:fs:923:3)
    at SyncWriteStream._write (node:internal/fs/sync_write_stream:27:5)
    at writeOrBuffer (node:internal/streams/writable:572:12)
    at _write (node:internal/streams/writable:501:10)
    at Writable.write (node:internal/streams/writable:510:10)
    at Console.log (/home/leonardo/Projects/jibran/ngo_sementes/ngo-back/node_modules/winston/lib/winston/transports/console.js:87:23)
    at ExceptionStream._write (/home/leonardo/Projects/jibran/ngo_sementes/ngo-back/node_modules/winston/lib/winston/exception-stream.js:48:29)
    at doWrite (/home/leonardo/Projects/jibran/ngo_sementes/ngo-back/node_modules/readable-stream/lib/_stream_writable.js:390:139)
    at writeOrBuffer (/home/leonardo/Projects/jibran/ngo_sementes/ngo-back/node_modules/readable-stream/lib/_stream_writable.js:381:5)
    at Writable.write (/home/leonardo/Projects/jibran/ngo_sementes/ngo-back/node_modules/readable-stream/lib/_stream_writable.js:302:11)
2025-07-11 06:39:12 error: uncaughtException: EIO: i/o error, write
Error: EIO: i/o error, write
    at writeSync (node:fs:923:3)
    at SyncWriteStream._write (node:internal/fs/sync_write_stream:27:5)
    at writeOrBuffer (node:internal/streams/writable:572:12)
    at _write (node:internal/streams/writable:501:10)
    at Writable.write (node:internal/streams/writable:510:10)
    at console.value (node:internal/console/constructor:298:16)
    at console.error (node:internal/console/constructor:412:26)
    at writeOut (node:internal/process/warning:56:3)
    at process.onWarning (node:internal/process/warning:132:3)
    at process.emit (node:events:518:28)
2025-07-11 07:01:19 error: uncaughtException: EIO: i/o error, write
Error: EIO: i/o error, write
    at writeSync (node:fs:923:3)
    at SyncWriteStream._write (node:internal/fs/sync_write_stream:27:5)
    at writeOrBuffer (node:internal/streams/writable:572:12)
    at _write (node:internal/streams/writable:501:10)
    at Writable.write (node:internal/streams/writable:510:10)
    at console.value (node:internal/console/constructor:298:16)
    at console.error (node:internal/console/constructor:412:26)
    at writeOut (node:internal/process/warning:56:3)
    at process.onWarning (node:internal/process/warning:132:3)
    at process.emit (node:events:518:28)
2025-07-11 07:01:19 error: uncaughtException: EIO: i/o error, write
Error: EIO: i/o error, write
    at writeSync (node:fs:923:3)
    at SyncWriteStream._write (node:internal/fs/sync_write_stream:27:5)
    at writeOrBuffer (node:internal/streams/writable:572:12)
    at _write (node:internal/streams/writable:501:10)
    at Writable.write (node:internal/streams/writable:510:10)
    at Console.log (/home/leonardo/Projects/jibran/ngo_sementes/ngo-back/node_modules/winston/lib/winston/transports/console.js:87:23)
    at ExceptionStream._write (/home/leonardo/Projects/jibran/ngo_sementes/ngo-back/node_modules/winston/lib/winston/exception-stream.js:48:29)
    at doWrite (/home/leonardo/Projects/jibran/ngo_sementes/ngo-back/node_modules/readable-stream/lib/_stream_writable.js:390:139)
    at writeOrBuffer (/home/leonardo/Projects/jibran/ngo_sementes/ngo-back/node_modules/readable-stream/lib/_stream_writable.js:381:5)
    at Writable.write (/home/leonardo/Projects/jibran/ngo_sementes/ngo-back/node_modules/readable-stream/lib/_stream_writable.js:302:11)
2025-07-11 07:01:19 error: uncaughtException: EIO: i/o error, write
Error: EIO: i/o error, write
    at writeSync (node:fs:923:3)
    at SyncWriteStream._write (node:internal/fs/sync_write_stream:27:5)
    at writeOrBuffer (node:internal/streams/writable:572:12)
    at _write (node:internal/streams/writable:501:10)
    at Writable.write (node:internal/streams/writable:510:10)
    at Console.log (/home/leonardo/Projects/jibran/ngo_sementes/ngo-back/node_modules/winston/lib/winston/transports/console.js:87:23)
    at ExceptionStream._write (/home/leonardo/Projects/jibran/ngo_sementes/ngo-back/node_modules/winston/lib/winston/exception-stream.js:48:29)
    at doWrite (/home/leonardo/Projects/jibran/ngo_sementes/ngo-back/node_modules/readable-stream/lib/_stream_writable.js:390:139)
    at writeOrBuffer (/home/leonardo/Projects/jibran/ngo_sementes/ngo-back/node_modules/readable-stream/lib/_stream_writable.js:381:5)
    at Writable.write (/home/leonardo/Projects/jibran/ngo_sementes/ngo-back/node_modules/readable-stream/lib/_stream_writable.js:302:11)
2025-07-11 07:01:19 error: uncaughtException: EIO: i/o error, write
Error: EIO: i/o error, write
    at writeSync (node:fs:923:3)
    at SyncWriteStream._write (node:internal/fs/sync_write_stream:27:5)
    at writeOrBuffer (node:internal/streams/writable:572:12)
    at _write (node:internal/streams/writable:501:10)
    at Writable.write (node:internal/streams/writable:510:10)
    at Console.log (/home/leonardo/Projects/jibran/ngo_sementes/ngo-back/node_modules/winston/lib/winston/transports/console.js:87:23)
    at ExceptionStream._write (/home/leonardo/Projects/jibran/ngo_sementes/ngo-back/node_modules/winston/lib/winston/exception-stream.js:48:29)
    at doWrite (/home/leonardo/Projects/jibran/ngo_sementes/ngo-back/node_modules/readable-stream/lib/_stream_writable.js:390:139)
    at writeOrBuffer (/home/leonardo/Projects/jibran/ngo_sementes/ngo-back/node_modules/readable-stream/lib/_stream_writable.js:381:5)
    at Writable.write (/home/leonardo/Projects/jibran/ngo_sementes/ngo-back/node_modules/readable-stream/lib/_stream_writable.js:302:11)
2025-07-11 07:01:19 error: uncaughtException: EIO: i/o error, write
Error: EIO: i/o error, write
    at writeSync (node:fs:923:3)
    at SyncWriteStream._write (node:internal/fs/sync_write_stream:27:5)
    at writeOrBuffer (node:internal/streams/writable:572:12)
    at _write (node:internal/streams/writable:501:10)
    at Writable.write (node:internal/streams/writable:510:10)
    at Console.log (/home/leonardo/Projects/jibran/ngo_sementes/ngo-back/node_modules/winston/lib/winston/transports/console.js:87:23)
    at ExceptionStream._write (/home/leonardo/Projects/jibran/ngo_sementes/ngo-back/node_modules/winston/lib/winston/exception-stream.js:48:29)
    at doWrite (/home/leonardo/Projects/jibran/ngo_sementes/ngo-back/node_modules/readable-stream/lib/_stream_writable.js:390:139)
    at writeOrBuffer (/home/leonardo/Projects/jibran/ngo_sementes/ngo-back/node_modules/readable-stream/lib/_stream_writable.js:381:5)
    at Writable.write (/home/leonardo/Projects/jibran/ngo_sementes/ngo-back/node_modules/readable-stream/lib/_stream_writable.js:302:11)
2025-07-11 07:01:19 error: uncaughtException: EIO: i/o error, write
Error: EIO: i/o error, write
    at writeSync (node:fs:923:3)
    at SyncWriteStream._write (node:internal/fs/sync_write_stream:27:5)
    at writeOrBuffer (node:internal/streams/writable:572:12)
    at _write (node:internal/streams/writable:501:10)
    at Writable.write (node:internal/streams/writable:510:10)
    at Console.log (/home/leonardo/Projects/jibran/ngo_sementes/ngo-back/node_modules/winston/lib/winston/transports/console.js:87:23)
    at ExceptionStream._write (/home/leonardo/Projects/jibran/ngo_sementes/ngo-back/node_modules/winston/lib/winston/exception-stream.js:48:29)
    at doWrite (/home/leonardo/Projects/jibran/ngo_sementes/ngo-back/node_modules/readable-stream/lib/_stream_writable.js:390:139)
    at writeOrBuffer (/home/leonardo/Projects/jibran/ngo_sementes/ngo-back/node_modules/readable-stream/lib/_stream_writable.js:381:5)
    at Writable.write (/home/leonardo/Projects/jibran/ngo_sementes/ngo-back/node_modules/readable-stream/lib/_stream_writable.js:302:11)
2025-07-11 07:01:19 error: uncaughtException: EIO: i/o error, write
Error: EIO: i/o error, write
    at writeSync (node:fs:923:3)
    at SyncWriteStream._write (node:internal/fs/sync_write_stream:27:5)
    at writeOrBuffer (node:internal/streams/writable:572:12)
    at _write (node:internal/streams/writable:501:10)
    at Writable.write (node:internal/streams/writable:510:10)
    at Console.log (/home/leonardo/Projects/jibran/ngo_sementes/ngo-back/node_modules/winston/lib/winston/transports/console.js:87:23)
    at ExceptionStream._write (/home/leonardo/Projects/jibran/ngo_sementes/ngo-back/node_modules/winston/lib/winston/exception-stream.js:48:29)
    at doWrite (/home/leonardo/Projects/jibran/ngo_sementes/ngo-back/node_modules/readable-stream/lib/_stream_writable.js:390:139)
    at writeOrBuffer (/home/leonardo/Projects/jibran/ngo_sementes/ngo-back/node_modules/readable-stream/lib/_stream_writable.js:381:5)
    at Writable.write (/home/leonardo/Projects/jibran/ngo_sementes/ngo-back/node_modules/readable-stream/lib/_stream_writable.js:302:11)
2025-07-11 07:01:19 error: uncaughtException: EIO: i/o error, write
Error: EIO: i/o error, write
    at writeSync (node:fs:923:3)
    at SyncWriteStream._write (node:internal/fs/sync_write_stream:27:5)
    at writeOrBuffer (node:internal/streams/writable:572:12)
    at _write (node:internal/streams/writable:501:10)
    at Writable.write (node:internal/streams/writable:510:10)
    at Console.log (/home/leonardo/Projects/jibran/ngo_sementes/ngo-back/node_modules/winston/lib/winston/transports/console.js:87:23)
    at ExceptionStream._write (/home/leonardo/Projects/jibran/ngo_sementes/ngo-back/node_modules/winston/lib/winston/exception-stream.js:48:29)
    at doWrite (/home/leonardo/Projects/jibran/ngo_sementes/ngo-back/node_modules/readable-stream/lib/_stream_writable.js:390:139)
    at writeOrBuffer (/home/leonardo/Projects/jibran/ngo_sementes/ngo-back/node_modules/readable-stream/lib/_stream_writable.js:381:5)
    at Writable.write (/home/leonardo/Projects/jibran/ngo_sementes/ngo-back/node_modules/readable-stream/lib/_stream_writable.js:302:11)
2025-07-11 07:01:19 error: uncaughtException: EIO: i/o error, write
Error: EIO: i/o error, write
    at writeSync (node:fs:923:3)
    at SyncWriteStream._write (node:internal/fs/sync_write_stream:27:5)
    at writeOrBuffer (node:internal/streams/writable:572:12)
    at _write (node:internal/streams/writable:501:10)
    at Writable.write (node:internal/streams/writable:510:10)
    at Console.log (/home/leonardo/Projects/jibran/ngo_sementes/ngo-back/node_modules/winston/lib/winston/transports/console.js:87:23)
    at ExceptionStream._write (/home/leonardo/Projects/jibran/ngo_sementes/ngo-back/node_modules/winston/lib/winston/exception-stream.js:48:29)
    at doWrite (/home/leonardo/Projects/jibran/ngo_sementes/ngo-back/node_modules/readable-stream/lib/_stream_writable.js:390:139)
    at writeOrBuffer (/home/leonardo/Projects/jibran/ngo_sementes/ngo-back/node_modules/readable-stream/lib/_stream_writable.js:381:5)
    at Writable.write (/home/leonardo/Projects/jibran/ngo_sementes/ngo-back/node_modules/readable-stream/lib/_stream_writable.js:302:11)
2025-07-11 07:01:19 error: uncaughtException: EIO: i/o error, write
Error: EIO: i/o error, write
    at writeSync (node:fs:923:3)
    at SyncWriteStream._write (node:internal/fs/sync_write_stream:27:5)
    at writeOrBuffer (node:internal/streams/writable:572:12)
    at _write (node:internal/streams/writable:501:10)
    at Writable.write (node:internal/streams/writable:510:10)
    at Console.log (/home/leonardo/Projects/jibran/ngo_sementes/ngo-back/node_modules/winston/lib/winston/transports/console.js:87:23)
    at ExceptionStream._write (/home/leonardo/Projects/jibran/ngo_sementes/ngo-back/node_modules/winston/lib/winston/exception-stream.js:48:29)
    at doWrite (/home/leonardo/Projects/jibran/ngo_sementes/ngo-back/node_modules/readable-stream/lib/_stream_writable.js:390:139)
    at writeOrBuffer (/home/leonardo/Projects/jibran/ngo_sementes/ngo-back/node_modules/readable-stream/lib/_stream_writable.js:381:5)
    at Writable.write (/home/leonardo/Projects/jibran/ngo_sementes/ngo-back/node_modules/readable-stream/lib/_stream_writable.js:302:11)
2025-07-11 07:01:19 error: uncaughtException: EIO: i/o error, write
Error: EIO: i/o error, write
    at writeSync (node:fs:923:3)
    at SyncWriteStream._write (node:internal/fs/sync_write_stream:27:5)
    at writeOrBuffer (node:internal/streams/writable:572:12)
    at _write (node:internal/streams/writable:501:10)
    at Writable.write (node:internal/streams/writable:510:10)
    at Console.log (/home/leonardo/Projects/jibran/ngo_sementes/ngo-back/node_modules/winston/lib/winston/transports/console.js:87:23)
    at ExceptionStream._write (/home/leonardo/Projects/jibran/ngo_sementes/ngo-back/node_modules/winston/lib/winston/exception-stream.js:48:29)
    at doWrite (/home/leonardo/Projects/jibran/ngo_sementes/ngo-back/node_modules/readable-stream/lib/_stream_writable.js:390:139)
    at writeOrBuffer (/home/leonardo/Projects/jibran/ngo_sementes/ngo-back/node_modules/readable-stream/lib/_stream_writable.js:381:5)
    at Writable.write (/home/leonardo/Projects/jibran/ngo_sementes/ngo-back/node_modules/readable-stream/lib/_stream_writable.js:302:11)
2025-07-11 07:01:19 error: uncaughtException: EIO: i/o error, write
Error: EIO: i/o error, write
    at writeSync (node:fs:923:3)
    at SyncWriteStream._write (node:internal/fs/sync_write_stream:27:5)
    at writeOrBuffer (node:internal/streams/writable:572:12)
    at _write (node:internal/streams/writable:501:10)
    at Writable.write (node:internal/streams/writable:510:10)
    at Console.log (/home/leonardo/Projects/jibran/ngo_sementes/ngo-back/node_modules/winston/lib/winston/transports/console.js:87:23)
    at ExceptionStream._write (/home/leonardo/Projects/jibran/ngo_sementes/ngo-back/node_modules/winston/lib/winston/exception-stream.js:48:29)
    at doWrite (/home/leonardo/Projects/jibran/ngo_sementes/ngo-back/node_modules/readable-stream/lib/_stream_writable.js:390:139)
    at writeOrBuffer (/home/leonardo/Projects/jibran/ngo_sementes/ngo-back/node_modules/readable-stream/lib/_stream_writable.js:381:5)
    at Writable.write (/home/leonardo/Projects/jibran/ngo_sementes/ngo-back/node_modules/readable-stream/lib/_stream_writable.js:302:11)
2025-07-11 07:01:19 error: uncaughtException: EIO: i/o error, write
Error: EIO: i/o error, write
    at writeSync (node:fs:923:3)
    at SyncWriteStream._write (node:internal/fs/sync_write_stream:27:5)
    at writeOrBuffer (node:internal/streams/writable:572:12)
    at _write (node:internal/streams/writable:501:10)
    at Writable.write (node:internal/streams/writable:510:10)
    at console.value (node:internal/console/constructor:298:16)
    at console.error (node:internal/console/constructor:412:26)
    at writeOut (node:internal/process/warning:56:3)
    at process.onWarning (node:internal/process/warning:132:3)
    at process.emit (node:events:518:28)
2025-07-11 07:01:19 error: uncaughtException: EIO: i/o error, write
Error: EIO: i/o error, write
    at writeSync (node:fs:923:3)
    at SyncWriteStream._write (node:internal/fs/sync_write_stream:27:5)
    at writeOrBuffer (node:internal/streams/writable:572:12)
    at _write (node:internal/streams/writable:501:10)
    at Writable.write (node:internal/streams/writable:510:10)
    at Console.log (/home/leonardo/Projects/jibran/ngo_sementes/ngo-back/node_modules/winston/lib/winston/transports/console.js:87:23)
    at ExceptionStream._write (/home/leonardo/Projects/jibran/ngo_sementes/ngo-back/node_modules/winston/lib/winston/exception-stream.js:48:29)
    at doWrite (/home/leonardo/Projects/jibran/ngo_sementes/ngo-back/node_modules/readable-stream/lib/_stream_writable.js:390:139)
    at writeOrBuffer (/home/leonardo/Projects/jibran/ngo_sementes/ngo-back/node_modules/readable-stream/lib/_stream_writable.js:381:5)
    at Writable.write (/home/leonardo/Projects/jibran/ngo_sementes/ngo-back/node_modules/readable-stream/lib/_stream_writable.js:302:11)
2025-07-11 07:01:19 error: uncaughtException: EIO: i/o error, write
Error: EIO: i/o error, write
    at writeSync (node:fs:923:3)
    at SyncWriteStream._write (node:internal/fs/sync_write_stream:27:5)
    at writeOrBuffer (node:internal/streams/writable:572:12)
    at _write (node:internal/streams/writable:501:10)
    at Writable.write (node:internal/streams/writable:510:10)
    at Console.log (/home/leonardo/Projects/jibran/ngo_sementes/ngo-back/node_modules/winston/lib/winston/transports/console.js:87:23)
    at ExceptionStream._write (/home/leonardo/Projects/jibran/ngo_sementes/ngo-back/node_modules/winston/lib/winston/exception-stream.js:48:29)
    at doWrite (/home/leonardo/Projects/jibran/ngo_sementes/ngo-back/node_modules/readable-stream/lib/_stream_writable.js:390:139)
    at writeOrBuffer (/home/leonardo/Projects/jibran/ngo_sementes/ngo-back/node_modules/readable-stream/lib/_stream_writable.js:381:5)
    at Writable.write (/home/leonardo/Projects/jibran/ngo_sementes/ngo-back/node_modules/readable-stream/lib/_stream_writable.js:302:11)
2025-07-11 07:01:19 error: uncaughtException: EIO: i/o error, write
Error: EIO: i/o error, write
    at writeSync (node:fs:923:3)
    at SyncWriteStream._write (node:internal/fs/sync_write_stream:27:5)
    at writeOrBuffer (node:internal/streams/writable:572:12)
    at _write (node:internal/streams/writable:501:10)
    at Writable.write (node:internal/streams/writable:510:10)
    at Console.log (/home/leonardo/Projects/jibran/ngo_sementes/ngo-back/node_modules/winston/lib/winston/transports/console.js:87:23)
    at ExceptionStream._write (/home/leonardo/Projects/jibran/ngo_sementes/ngo-back/node_modules/winston/lib/winston/exception-stream.js:48:29)
    at doWrite (/home/leonardo/Projects/jibran/ngo_sementes/ngo-back/node_modules/readable-stream/lib/_stream_writable.js:390:139)
    at writeOrBuffer (/home/leonardo/Projects/jibran/ngo_sementes/ngo-back/node_modules/readable-stream/lib/_stream_writable.js:381:5)
    at Writable.write (/home/leonardo/Projects/jibran/ngo_sementes/ngo-back/node_modules/readable-stream/lib/_stream_writable.js:302:11)
2025-07-11 07:01:19 error: uncaughtException: EIO: i/o error, write
Error: EIO: i/o error, write
    at writeSync (node:fs:923:3)
    at SyncWriteStream._write (node:internal/fs/sync_write_stream:27:5)
    at writeOrBuffer (node:internal/streams/writable:572:12)
    at _write (node:internal/streams/writable:501:10)
    at Writable.write (node:internal/streams/writable:510:10)
    at Console.log (/home/leonardo/Projects/jibran/ngo_sementes/ngo-back/node_modules/winston/lib/winston/transports/console.js:87:23)
    at ExceptionStream._write (/home/leonardo/Projects/jibran/ngo_sementes/ngo-back/node_modules/winston/lib/winston/exception-stream.js:48:29)
    at doWrite (/home/leonardo/Projects/jibran/ngo_sementes/ngo-back/node_modules/readable-stream/lib/_stream_writable.js:390:139)
    at writeOrBuffer (/home/leonardo/Projects/jibran/ngo_sementes/ngo-back/node_modules/readable-stream/lib/_stream_writable.js:381:5)
    at Writable.write (/home/leonardo/Projects/jibran/ngo_sementes/ngo-back/node_modules/readable-stream/lib/_stream_writable.js:302:11)
2025-07-11 07:01:19 error: uncaughtException: EIO: i/o error, write
Error: EIO: i/o error, write
    at writeSync (node:fs:923:3)
    at SyncWriteStream._write (node:internal/fs/sync_write_stream:27:5)
    at writeOrBuffer (node:internal/streams/writable:572:12)
    at _write (node:internal/streams/writable:501:10)
    at Writable.write (node:internal/streams/writable:510:10)
    at Console.log (/home/leonardo/Projects/jibran/ngo_sementes/ngo-back/node_modules/winston/lib/winston/transports/console.js:87:23)
    at ExceptionStream._write (/home/leonardo/Projects/jibran/ngo_sementes/ngo-back/node_modules/winston/lib/winston/exception-stream.js:48:29)
    at doWrite (/home/leonardo/Projects/jibran/ngo_sementes/ngo-back/node_modules/readable-stream/lib/_stream_writable.js:390:139)
    at writeOrBuffer (/home/leonardo/Projects/jibran/ngo_sementes/ngo-back/node_modules/readable-stream/lib/_stream_writable.js:381:5)
    at Writable.write (/home/leonardo/Projects/jibran/ngo_sementes/ngo-back/node_modules/readable-stream/lib/_stream_writable.js:302:11)
2025-07-11 07:01:19 error: uncaughtException: EIO: i/o error, write
Error: EIO: i/o error, write
    at writeSync (node:fs:923:3)
    at SyncWriteStream._write (node:internal/fs/sync_write_stream:27:5)
    at writeOrBuffer (node:internal/streams/writable:572:12)
    at _write (node:internal/streams/writable:501:10)
    at Writable.write (node:internal/streams/writable:510:10)
    at Console.log (/home/leonardo/Projects/jibran/ngo_sementes/ngo-back/node_modules/winston/lib/winston/transports/console.js:87:23)
    at ExceptionStream._write (/home/leonardo/Projects/jibran/ngo_sementes/ngo-back/node_modules/winston/lib/winston/exception-stream.js:48:29)
    at doWrite (/home/leonardo/Projects/jibran/ngo_sementes/ngo-back/node_modules/readable-stream/lib/_stream_writable.js:390:139)
    at writeOrBuffer (/home/leonardo/Projects/jibran/ngo_sementes/ngo-back/node_modules/readable-stream/lib/_stream_writable.js:381:5)
    at Writable.write (/home/leonardo/Projects/jibran/ngo_sementes/ngo-back/node_modules/readable-stream/lib/_stream_writable.js:302:11)
2025-07-11 07:01:19 error: uncaughtException: EIO: i/o error, write
Error: EIO: i/o error, write
    at writeSync (node:fs:923:3)
    at SyncWriteStream._write (node:internal/fs/sync_write_stream:27:5)
    at writeOrBuffer (node:internal/streams/writable:572:12)
    at _write (node:internal/streams/writable:501:10)
    at Writable.write (node:internal/streams/writable:510:10)
    at Console.log (/home/leonardo/Projects/jibran/ngo_sementes/ngo-back/node_modules/winston/lib/winston/transports/console.js:87:23)
    at ExceptionStream._write (/home/leonardo/Projects/jibran/ngo_sementes/ngo-back/node_modules/winston/lib/winston/exception-stream.js:48:29)
    at doWrite (/home/leonardo/Projects/jibran/ngo_sementes/ngo-back/node_modules/readable-stream/lib/_stream_writable.js:390:139)
    at writeOrBuffer (/home/leonardo/Projects/jibran/ngo_sementes/ngo-back/node_modules/readable-stream/lib/_stream_writable.js:381:5)
    at Writable.write (/home/leonardo/Projects/jibran/ngo_sementes/ngo-back/node_modules/readable-stream/lib/_stream_writable.js:302:11)
2025-07-11 07:01:19 error: uncaughtException: EIO: i/o error, write
Error: EIO: i/o error, write
    at writeSync (node:fs:923:3)
    at SyncWriteStream._write (node:internal/fs/sync_write_stream:27:5)
    at writeOrBuffer (node:internal/streams/writable:572:12)
    at _write (node:internal/streams/writable:501:10)
    at Writable.write (node:internal/streams/writable:510:10)
    at Console.log (/home/leonardo/Projects/jibran/ngo_sementes/ngo-back/node_modules/winston/lib/winston/transports/console.js:87:23)
    at ExceptionStream._write (/home/leonardo/Projects/jibran/ngo_sementes/ngo-back/node_modules/winston/lib/winston/exception-stream.js:48:29)
    at doWrite (/home/leonardo/Projects/jibran/ngo_sementes/ngo-back/node_modules/readable-stream/lib/_stream_writable.js:390:139)
    at writeOrBuffer (/home/leonardo/Projects/jibran/ngo_sementes/ngo-back/node_modules/readable-stream/lib/_stream_writable.js:381:5)
    at Writable.write (/home/leonardo/Projects/jibran/ngo_sementes/ngo-back/node_modules/readable-stream/lib/_stream_writable.js:302:11)
2025-07-11 07:01:19 error: uncaughtException: EIO: i/o error, write
Error: EIO: i/o error, write
    at writeSync (node:fs:923:3)
    at SyncWriteStream._write (node:internal/fs/sync_write_stream:27:5)
    at writeOrBuffer (node:internal/streams/writable:572:12)
    at _write (node:internal/streams/writable:501:10)
    at Writable.write (node:internal/streams/writable:510:10)
    at Console.log (/home/leonardo/Projects/jibran/ngo_sementes/ngo-back/node_modules/winston/lib/winston/transports/console.js:87:23)
    at ExceptionStream._write (/home/leonardo/Projects/jibran/ngo_sementes/ngo-back/node_modules/winston/lib/winston/exception-stream.js:48:29)
    at doWrite (/home/leonardo/Projects/jibran/ngo_sementes/ngo-back/node_modules/readable-stream/lib/_stream_writable.js:390:139)
    at writeOrBuffer (/home/leonardo/Projects/jibran/ngo_sementes/ngo-back/node_modules/readable-stream/lib/_stream_writable.js:381:5)
    at Writable.write (/home/leonardo/Projects/jibran/ngo_sementes/ngo-back/node_modules/readable-stream/lib/_stream_writable.js:302:11)
2025-07-11 07:01:19 error: uncaughtException: EIO: i/o error, write
Error: EIO: i/o error, write
    at writeSync (node:fs:923:3)
    at SyncWriteStream._write (node:internal/fs/sync_write_stream:27:5)
    at writeOrBuffer (node:internal/streams/writable:572:12)
    at _write (node:internal/streams/writable:501:10)
    at Writable.write (node:internal/streams/writable:510:10)
    at Console.log (/home/leonardo/Projects/jibran/ngo_sementes/ngo-back/node_modules/winston/lib/winston/transports/console.js:87:23)
    at ExceptionStream._write (/home/leonardo/Projects/jibran/ngo_sementes/ngo-back/node_modules/winston/lib/winston/exception-stream.js:48:29)
    at doWrite (/home/leonardo/Projects/jibran/ngo_sementes/ngo-back/node_modules/readable-stream/lib/_stream_writable.js:390:139)
    at writeOrBuffer (/home/leonardo/Projects/jibran/ngo_sementes/ngo-back/node_modules/readable-stream/lib/_stream_writable.js:381:5)
    at Writable.write (/home/leonardo/Projects/jibran/ngo_sementes/ngo-back/node_modules/readable-stream/lib/_stream_writable.js:302:11)
2025-07-11 07:01:19 error: uncaughtException: EIO: i/o error, write
Error: EIO: i/o error, write
    at writeSync (node:fs:923:3)
    at SyncWriteStream._write (node:internal/fs/sync_write_stream:27:5)
    at writeOrBuffer (node:internal/streams/writable:572:12)
    at _write (node:internal/streams/writable:501:10)
    at Writable.write (node:internal/streams/writable:510:10)
    at Console.log (/home/leonardo/Projects/jibran/ngo_sementes/ngo-back/node_modules/winston/lib/winston/transports/console.js:87:23)
    at ExceptionStream._write (/home/leonardo/Projects/jibran/ngo_sementes/ngo-back/node_modules/winston/lib/winston/exception-stream.js:48:29)
    at doWrite (/home/leonardo/Projects/jibran/ngo_sementes/ngo-back/node_modules/readable-stream/lib/_stream_writable.js:390:139)
    at writeOrBuffer (/home/leonardo/Projects/jibran/ngo_sementes/ngo-back/node_modules/readable-stream/lib/_stream_writable.js:381:5)
    at Writable.write (/home/leonardo/Projects/jibran/ngo_sementes/ngo-back/node_modules/readable-stream/lib/_stream_writable.js:302:11)
2025-07-11 07:01:19 error: uncaughtException: EIO: i/o error, write
Error: EIO: i/o error, write
    at writeSync (node:fs:923:3)
    at SyncWriteStream._write (node:internal/fs/sync_write_stream:27:5)
    at writeOrBuffer (node:internal/streams/writable:572:12)
    at _write (node:internal/streams/writable:501:10)
    at Writable.write (node:internal/streams/writable:510:10)
    at Console.log (/home/leonardo/Projects/jibran/ngo_sementes/ngo-back/node_modules/winston/lib/winston/transports/console.js:87:23)
    at ExceptionStream._write (/home/leonardo/Projects/jibran/ngo_sementes/ngo-back/node_modules/winston/lib/winston/exception-stream.js:48:29)
    at doWrite (/home/leonardo/Projects/jibran/ngo_sementes/ngo-back/node_modules/readable-stream/lib/_stream_writable.js:390:139)
    at writeOrBuffer (/home/leonardo/Projects/jibran/ngo_sementes/ngo-back/node_modules/readable-stream/lib/_stream_writable.js:381:5)
    at Writable.write (/home/leonardo/Projects/jibran/ngo_sementes/ngo-back/node_modules/readable-stream/lib/_stream_writable.js:302:11)
2025-07-11 07:01:19 error: uncaughtException: EIO: i/o error, write
Error: EIO: i/o error, write
    at writeSync (node:fs:923:3)
    at SyncWriteStream._write (node:internal/fs/sync_write_stream:27:5)
    at writeOrBuffer (node:internal/streams/writable:572:12)
    at _write (node:internal/streams/writable:501:10)
    at Writable.write (node:internal/streams/writable:510:10)
    at Console.log (/home/leonardo/Projects/jibran/ngo_sementes/ngo-back/node_modules/winston/lib/winston/transports/console.js:87:23)
    at ExceptionStream._write (/home/leonardo/Projects/jibran/ngo_sementes/ngo-back/node_modules/winston/lib/winston/exception-stream.js:48:29)
    at doWrite (/home/leonardo/Projects/jibran/ngo_sementes/ngo-back/node_modules/readable-stream/lib/_stream_writable.js:390:139)
    at writeOrBuffer (/home/leonardo/Projects/jibran/ngo_sementes/ngo-back/node_modules/readable-stream/lib/_stream_writable.js:381:5)
    at Writable.write (/home/leonardo/Projects/jibran/ngo_sementes/ngo-back/node_modules/readable-stream/lib/_stream_writable.js:302:11)
2025-07-11 07:01:19 error: uncaughtException: EIO: i/o error, write
Error: EIO: i/o error, write
    at writeSync (node:fs:923:3)
    at SyncWriteStream._write (node:internal/fs/sync_write_stream:27:5)
    at writeOrBuffer (node:internal/streams/writable:572:12)
    at _write (node:internal/streams/writable:501:10)
    at Writable.write (node:internal/streams/writable:510:10)
    at Console.log (/home/leonardo/Projects/jibran/ngo_sementes/ngo-back/node_modules/winston/lib/winston/transports/console.js:87:23)
    at ExceptionStream._write (/home/leonardo/Projects/jibran/ngo_sementes/ngo-back/node_modules/winston/lib/winston/exception-stream.js:48:29)
    at doWrite (/home/leonardo/Projects/jibran/ngo_sementes/ngo-back/node_modules/readable-stream/lib/_stream_writable.js:390:139)
    at writeOrBuffer (/home/leonardo/Projects/jibran/ngo_sementes/ngo-back/node_modules/readable-stream/lib/_stream_writable.js:381:5)
    at Writable.write (/home/leonardo/Projects/jibran/ngo_sementes/ngo-back/node_modules/readable-stream/lib/_stream_writable.js:302:11)
2025-07-11 07:01:19 error: uncaughtException: EIO: i/o error, write
Error: EIO: i/o error, write
    at writeSync (node:fs:923:3)
    at SyncWriteStream._write (node:internal/fs/sync_write_stream:27:5)
    at writeOrBuffer (node:internal/streams/writable:572:12)
    at _write (node:internal/streams/writable:501:10)
    at Writable.write (node:internal/streams/writable:510:10)
    at Console.log (/home/leonardo/Projects/jibran/ngo_sementes/ngo-back/node_modules/winston/lib/winston/transports/console.js:87:23)
    at ExceptionStream._write (/home/leonardo/Projects/jibran/ngo_sementes/ngo-back/node_modules/winston/lib/winston/exception-stream.js:48:29)
    at doWrite (/home/leonardo/Projects/jibran/ngo_sementes/ngo-back/node_modules/readable-stream/lib/_stream_writable.js:390:139)
    at writeOrBuffer (/home/leonardo/Projects/jibran/ngo_sementes/ngo-back/node_modules/readable-stream/lib/_stream_writable.js:381:5)
    at Writable.write (/home/leonardo/Projects/jibran/ngo_sementes/ngo-back/node_modules/readable-stream/lib/_stream_writable.js:302:11)
2025-07-11 07:01:19 error: uncaughtException: EIO: i/o error, write
Error: EIO: i/o error, write
    at writeSync (node:fs:923:3)
    at SyncWriteStream._write (node:internal/fs/sync_write_stream:27:5)
    at writeOrBuffer (node:internal/streams/writable:572:12)
    at _write (node:internal/streams/writable:501:10)
    at Writable.write (node:internal/streams/writable:510:10)
    at Console.log (/home/leonardo/Projects/jibran/ngo_sementes/ngo-back/node_modules/winston/lib/winston/transports/console.js:87:23)
    at ExceptionStream._write (/home/leonardo/Projects/jibran/ngo_sementes/ngo-back/node_modules/winston/lib/winston/exception-stream.js:48:29)
    at doWrite (/home/leonardo/Projects/jibran/ngo_sementes/ngo-back/node_modules/readable-stream/lib/_stream_writable.js:390:139)
    at writeOrBuffer (/home/leonardo/Projects/jibran/ngo_sementes/ngo-back/node_modules/readable-stream/lib/_stream_writable.js:381:5)
    at Writable.write (/home/leonardo/Projects/jibran/ngo_sementes/ngo-back/node_modules/readable-stream/lib/_stream_writable.js:302:11)
2025-07-11 07:01:19 error: uncaughtException: EIO: i/o error, write
Error: EIO: i/o error, write
    at writeSync (node:fs:923:3)
    at SyncWriteStream._write (node:internal/fs/sync_write_stream:27:5)
    at writeOrBuffer (node:internal/streams/writable:572:12)
    at _write (node:internal/streams/writable:501:10)
    at Writable.write (node:internal/streams/writable:510:10)
    at Console.log (/home/leonardo/Projects/jibran/ngo_sementes/ngo-back/node_modules/winston/lib/winston/transports/console.js:87:23)
    at ExceptionStream._write (/home/leonardo/Projects/jibran/ngo_sementes/ngo-back/node_modules/winston/lib/winston/exception-stream.js:48:29)
    at doWrite (/home/leonardo/Projects/jibran/ngo_sementes/ngo-back/node_modules/readable-stream/lib/_stream_writable.js:390:139)
    at writeOrBuffer (/home/leonardo/Projects/jibran/ngo_sementes/ngo-back/node_modules/readable-stream/lib/_stream_writable.js:381:5)
    at Writable.write (/home/leonardo/Projects/jibran/ngo_sementes/ngo-back/node_modules/readable-stream/lib/_stream_writable.js:302:11)
2025-07-11 07:01:19 error: uncaughtException: EIO: i/o error, write
Error: EIO: i/o error, write
    at writeSync (node:fs:923:3)
    at SyncWriteStream._write (node:internal/fs/sync_write_stream:27:5)
    at writeOrBuffer (node:internal/streams/writable:572:12)
    at _write (node:internal/streams/writable:501:10)
    at Writable.write (node:internal/streams/writable:510:10)
    at Console.log (/home/leonardo/Projects/jibran/ngo_sementes/ngo-back/node_modules/winston/lib/winston/transports/console.js:87:23)
    at ExceptionStream._write (/home/leonardo/Projects/jibran/ngo_sementes/ngo-back/node_modules/winston/lib/winston/exception-stream.js:48:29)
    at doWrite (/home/leonardo/Projects/jibran/ngo_sementes/ngo-back/node_modules/readable-stream/lib/_stream_writable.js:390:139)
    at writeOrBuffer (/home/leonardo/Projects/jibran/ngo_sementes/ngo-back/node_modules/readable-stream/lib/_stream_writable.js:381:5)
    at Writable.write (/home/leonardo/Projects/jibran/ngo_sementes/ngo-back/node_modules/readable-stream/lib/_stream_writable.js:302:11)
2025-07-11 07:01:19 error: uncaughtException: EIO: i/o error, write
Error: EIO: i/o error, write
    at writeSync (node:fs:923:3)
    at SyncWriteStream._write (node:internal/fs/sync_write_stream:27:5)
    at writeOrBuffer (node:internal/streams/writable:572:12)
    at _write (node:internal/streams/writable:501:10)
    at Writable.write (node:internal/streams/writable:510:10)
    at Console.log (/home/leonardo/Projects/jibran/ngo_sementes/ngo-back/node_modules/winston/lib/winston/transports/console.js:87:23)
    at ExceptionStream._write (/home/leonardo/Projects/jibran/ngo_sementes/ngo-back/node_modules/winston/lib/winston/exception-stream.js:48:29)
    at doWrite (/home/leonardo/Projects/jibran/ngo_sementes/ngo-back/node_modules/readable-stream/lib/_stream_writable.js:390:139)
    at writeOrBuffer (/home/leonardo/Projects/jibran/ngo_sementes/ngo-back/node_modules/readable-stream/lib/_stream_writable.js:381:5)
    at Writable.write (/home/leonardo/Projects/jibran/ngo_sementes/ngo-back/node_modules/readable-stream/lib/_stream_writable.js:302:11)
2025-07-11 07:01:19 error: uncaughtException: EIO: i/o error, write
Error: EIO: i/o error, write
    at writeSync (node:fs:923:3)
    at SyncWriteStream._write (node:internal/fs/sync_write_stream:27:5)
    at writeOrBuffer (node:internal/streams/writable:572:12)
    at _write (node:internal/streams/writable:501:10)
    at Writable.write (node:internal/streams/writable:510:10)
    at console.value (node:internal/console/constructor:298:16)
    at console.error (node:internal/console/constructor:412:26)
    at writeOut (node:internal/process/warning:56:3)
    at process.onWarning (node:internal/process/warning:132:3)
    at process.emit (node:events:518:28)
2025-07-11 07:21:05 error: uncaughtException: activationDonationCategory is not defined
ReferenceError: activationDonationCategory is not defined
    at default (/home/leonardo/Projects/jibran/ngo_sementes/ngo-back/src/router/donation-category.route.ts:30:55)
    at default (/home/leonardo/Projects/jibran/ngo_sementes/ngo-back/src/router/index.ts:25:3)
    at <anonymous> (/home/leonardo/Projects/jibran/ngo_sementes/ngo-back/src/index.ts:47:14)
    at ModuleJob.run (node:internal/modules/esm/module_job:329:25)
    at async onImport.tracePromise.__proto__ (node:internal/modules/esm/loader:644:26)
    at async asyncRunEntryPointWithESMLoader (node:internal/modules/run_main:117:5)
2025-07-11 10:21:05 error: uncaughtException: activationDonationCategory is not defined
ReferenceError: activationDonationCategory is not defined
    at default (/usr/src/app/src/router/donation-category.route.ts:30:55)
    at default (/usr/src/app/src/router/index.ts:25:3)
    at <anonymous> (/usr/src/app/src/index.ts:47:14)
    at ModuleJob.run (node:internal/modules/esm/module_job:329:25)
    at async onImport.tracePromise.__proto__ (node:internal/modules/esm/loader:644:26)
    at async asyncRunEntryPointWithESMLoader (node:internal/modules/run_main:117:5)
2025-07-11 09:39:00 error: uncaughtException: EIO: i/o error, write
Error: EIO: i/o error, write
    at writeSync (node:fs:923:3)
    at SyncWriteStream._write (node:internal/fs/sync_write_stream:27:5)
    at writeOrBuffer (node:internal/streams/writable:572:12)
    at _write (node:internal/streams/writable:501:10)
    at Writable.write (node:internal/streams/writable:510:10)
    at console.value (node:internal/console/constructor:298:16)
    at console.log (node:internal/console/constructor:384:26)
    at connection (/home/leonardo/Projects/jibran/ngo_sementes/ngo-back/src/core/connection.ts:6:17)
    at process.processTicksAndRejections (node:internal/process/task_queues:105:5)
2025-07-11 10:12:54 error: uncaughtException: EIO: i/o error, write
Error: EIO: i/o error, write
    at writeSync (node:fs:923:3)
    at SyncWriteStream._write (node:internal/fs/sync_write_stream:27:5)
    at writeOrBuffer (node:internal/streams/writable:572:12)
    at _write (node:internal/streams/writable:501:10)
    at Writable.write (node:internal/streams/writable:510:10)
    at console.value (node:internal/console/constructor:298:16)
    at console.log (node:internal/console/constructor:384:26)
    at connection (/home/leonardo/Projects/jibran/ngo_sementes/ngo-back/src/core/connection.ts:6:17)
    at process.processTicksAndRejections (node:internal/process/task_queues:105:5)
2025-07-11 10:13:04 error: uncaughtException: EIO: i/o error, write
Error: EIO: i/o error, write
    at writeSync (node:fs:923:3)
    at SyncWriteStream._write (node:internal/fs/sync_write_stream:27:5)
    at writeOrBuffer (node:internal/streams/writable:572:12)
    at _write (node:internal/streams/writable:501:10)
    at Writable.write (node:internal/streams/writable:510:10)
    at console.value (node:internal/console/constructor:298:16)
    at console.log (node:internal/console/constructor:384:26)
    at connection (/home/leonardo/Projects/jibran/ngo_sementes/ngo-back/src/core/connection.ts:6:17)
    at process.processTicksAndRejections (node:internal/process/task_queues:105:5)
2025-07-11 10:13:35 error: uncaughtException: EIO: i/o error, write
Error: EIO: i/o error, write
    at writeSync (node:fs:923:3)
    at SyncWriteStream._write (node:internal/fs/sync_write_stream:27:5)
    at writeOrBuffer (node:internal/streams/writable:572:12)
    at _write (node:internal/streams/writable:501:10)
    at Writable.write (node:internal/streams/writable:510:10)
    at console.value (node:internal/console/constructor:298:16)
    at console.log (node:internal/console/constructor:384:26)
    at connection (/home/leonardo/Projects/jibran/ngo_sementes/ngo-back/src/core/connection.ts:6:17)
    at process.processTicksAndRejections (node:internal/process/task_queues:105:5)
