2025-06-10 20:24:03 error: An error occurred: Sem sessão ativa
2025-06-10 20:24:03 error: An error occurred: Sem sessão ativa
2025-06-10 20:24:04 error: An error occurred: Sem sessão ativa
2025-06-10 20:26:26 error: An error occurred: Sessão não encontrada
2025-06-10 20:26:26 error: An error occurred: Sessão não encontrada
2025-06-10 20:27:52 error: An error occurred: Sessão não encontrada
2025-06-10 20:27:52 error: An error occurred: Sessão não encontrada
2025-06-10 20:27:53 error: An error occurred: Sessão não encontrada
2025-06-10 20:27:53 error: An error occurred: Sessão não encontrada
2025-06-10 20:27:57 error: An error occurred: Sessão não encontrada
2025-06-10 20:27:57 error: An error occurred: Sessão não encontrada
2025-06-10 20:27:57 error: An error occurred: Sessão não encontrada
2025-06-10 20:28:03 error: An error occurred: "email" is required. "password" is required
2025-06-10 20:28:32 error: An error occurred: Usuário não encontrado
2025-06-10 20:28:43 error: An error occurred: "email" is required. "password" is required
2025-06-10 20:28:59 error: An error occurred: "email" is required. "password" is required
2025-06-10 20:29:00 error: An error occurred: "email" is required. "password" is required
2025-06-10 20:29:17 error: An error occurred: "email" is required. "password" is required
2025-06-10 20:31:30 error: An error occurred: "email" is required. "password" is required
2025-06-10 20:42:14 error: An error occurred: Sessão não encontrada
2025-06-10 20:42:15 error: An error occurred: Sessão não encontrada
2025-06-10 20:42:27 error: An error occurred: "email" is required. "password" is required
2025-06-10 20:42:29 error: An error occurred: "email" is required. "password" is required
2025-06-10 20:42:39 error: An error occurred: "email" is required. "password" is required
2025-06-13 15:28:17 error: An error occurred: Sem sessão ativa
2025-06-13 15:28:17 error: An error occurred: Sem sessão ativa
2025-06-13 15:28:17 error: An error occurred: Sem sessão ativa
2025-06-13 15:28:46 error: An error occurred: "email" is required. "password" is required
2025-06-13 15:28:53 error: An error occurred: "email" is required. "password" is required
2025-06-13 15:29:50 error: An error occurred: Sem sessão ativa
2025-06-13 15:29:51 error: An error occurred: Sem sessão ativa
2025-06-13 15:30:25 error: An error occurred: Sem sessão ativa
2025-06-13 15:30:25 error: An error occurred: Sem sessão ativa
2025-06-13 15:31:18 error: An error occurred: Sem sessão ativa
2025-06-13 15:31:18 error: An error occurred: Sem sessão ativa
2025-06-13 15:31:18 error: An error occurred: Sem sessão ativa
2025-06-13 15:31:30 error: An error occurred: "email" is required. "password" is required
2025-06-13 15:32:21 error: An error occurred: Sem sessão ativa
2025-06-13 15:32:22 error: An error occurred: Sem sessão ativa
2025-06-13 15:32:22 error: An error occurred: Sem sessão ativa
2025-06-13 15:32:29 error: An error occurred: "email" is required. "password" is required
2025-06-13 15:33:55 error: An error occurred: Sem sessão ativa
2025-06-13 15:33:55 error: An error occurred: Sem sessão ativa
2025-06-13 15:33:55 error: An error occurred: Sem sessão ativa
2025-06-13 15:34:03 error: An error occurred: "email" is required. "password" is required
2025-06-13 15:35:02 error: An error occurred: Sem sessão ativa
2025-06-13 15:35:02 error: An error occurred: Sem sessão ativa
2025-06-13 15:35:07 error: An error occurred: Sem sessão ativa
2025-06-13 15:35:08 error: An error occurred: Sem sessão ativa
2025-06-13 15:35:08 error: An error occurred: Sem sessão ativa
2025-06-13 15:35:18 error: An error occurred: "email" is required. "password" is required
2025-06-13 15:37:06 error: An error occurred: Sem sessão ativa
2025-06-13 15:37:06 error: An error occurred: Sem sessão ativa
2025-06-13 15:37:06 error: An error occurred: Sem sessão ativa
2025-06-13 15:37:19 error: An error occurred: "email" is required. "password" is required
2025-06-13 15:37:20 error: An error occurred: "email" is required. "password" is required
2025-06-13 15:37:21 error: An error occurred: "email" is required. "password" is required
2025-06-13 15:44:43 error: An error occurred: Sem sessão ativa
2025-06-13 15:44:44 error: An error occurred: Sem sessão ativa
2025-06-13 15:44:44 error: An error occurred: Sem sessão ativa
2025-06-13 15:45:09 error: An error occurred: Sem sessão ativa
2025-06-13 15:45:10 error: An error occurred: Sem sessão ativa
2025-06-13 15:45:10 error: An error occurred: Sem sessão ativa
2025-06-13 15:45:43 error: An error occurred: "password" is required
2025-06-13 15:56:46 error: An error occurred: Sem sessão ativa
2025-06-13 15:56:51 error: An error occurred: Sem sessão ativa
2025-06-13 15:56:51 error: An error occurred: Sem sessão ativa
2025-06-13 15:56:51 error: An error occurred: Sem sessão ativa
2025-06-13 15:57:01 error: An error occurred: "password" is required
2025-06-13 16:09:44 error: An error occurred: Sem sessão ativa
2025-06-13 16:09:49 error: An error occurred: Sem sessão ativa
2025-06-13 16:09:49 error: An error occurred: Sem sessão ativa
2025-06-13 16:09:49 error: An error occurred: Sem sessão ativa
2025-06-13 16:15:08 error: An error occurred: Sem sessão ativa
2025-06-13 16:15:09 error: An error occurred: Sem sessão ativa
2025-06-13 16:15:09 error: An error occurred: Sem sessão ativa
2025-06-13 16:17:10 error: An error occurred: Sem sessão ativa
2025-06-13 16:17:10 error: An error occurred: Sem sessão ativa
2025-06-13 16:17:12 error: An error occurred: Sem sessão ativa
2025-06-13 16:17:16 error: An error occurred: "password" is required
2025-06-13 16:55:25 error: An error occurred: Sem sessão ativa
2025-06-13 16:55:34 error: An error occurred: "password" is required
2025-06-13 16:57:17 error: An error occurred: Sem sessão ativa
2025-06-13 16:57:22 error: An error occurred: "password" is required
2025-06-13 17:16:42 error: An error occurred: Sem sessão ativa
2025-06-13 17:16:46 error: An error occurred: "password" is required
2025-06-13 17:56:29 error: An error occurred: Sem sessão ativa
2025-06-13 17:56:29 error: An error occurred: Sem sessão ativa
2025-06-13 17:57:33 error: An error occurred: Sem sessão ativa
2025-06-13 17:57:33 error: An error occurred: Sem sessão ativa
2025-06-13 19:08:14 error: An error occurred: Sem sessão ativa
2025-06-13 19:08:14 error: An error occurred: Sem sessão ativa
2025-06-13 19:08:22 error: An error occurred: Sem sessão ativa
2025-06-13 19:08:22 error: An error occurred: Sem sessão ativa
2025-06-13 19:11:16 error: An error occurred: Sem sessão ativa
2025-06-13 19:11:16 error: An error occurred: Sem sessão ativa
